<?xml version="1.0" encoding="utf-8"?>
<shfbBuild product="Sandcastle Help File Builder and Tools" version="2015.10.10.0" projectFile="D:\Data\Dropbox\Project\Gss.Speed30\SandCastle.HtmlExtension.shfbproj" started="2016/6/27 下午 04:53:09">
<buildStep step="Initializing">
Finding tools...
The Sandcastle tools are located in &#39;C:\Program Files (x86)\EWSoftware\Sandcastle Help File Builder\&#39;
Locating components in the following folder(s):
    D:\Data\Dropbox\Project\Gss.Speed30
    C:\ProgramData\EWSoftware\Sandcastle Help File Builder\Components and Plug-Ins\
    C:\Program Files (x86)\EWSoftware\Sandcastle Help File Builder\
Framework reflection data location: C:\Program Files (x86)\EWSoftware\Sandcastle Help File Builder\Data\.NETFramework
Using presentation style &#39;VS2013&#39; located in &#39;C:\Program Files (x86)\EWSoftware\Sandcastle Help File Builder\PresentationStyles\VS2013&#39;
Loading and initializing plug-ins...
Lightweight Website Style Version 2015.10.10.0
Copyright &#169; 2006-2015, Eric Woodruff, All Rights Reserved
Portions Copyright &#169; 2014, Sam Harwell, All Rights Reserved
-------------------------------
Clearing any prior web/markdown output...
</buildStep>
<buildStep step="ValidatingDocumentationSources">
Validating and copying documentation source information
Source: D:\Data\Dropbox\Project\Gss.Speed30\SPEED30\Component\GSS.SPEED.OD30.HtmlExtension\GSS.SPEED.OD30.HtmlExtension.csproj
    Found project &#39;D:\Data\Dropbox\Project\Gss.Speed30\SPEED30\Component\GSS.SPEED.OD30.HtmlExtension\GSS.SPEED.OD30.HtmlExtension.csproj&#39;

Parsing project files
    Found assembly &#39;D:\Data\Dropbox\Project\Gss.Speed30\SPEED30\Component\GSS.SPEED.OD30.HtmlExtension\bin\Debug\GSS.SPEED.OD30.HtmlExtension.dll&#39;

References to include (excluding framework assemblies):
    Antlr3.Runtime, Version=3.5.0.2, Culture=neutral, PublicKeyToken=eb42632606e9261f, processorArchitecture=MSIL
    Microsoft.Web.Infrastructure, Version=1.0.0.0, Culture=neutral, PublicKeyToken=31bf3856ad364e35, processorArchitecture=MSIL
    Newtonsoft.Json, Version=8.0.0.0, Culture=neutral, PublicKeyToken=30ad4fe6b2a6aeed, processorArchitecture=MSIL
    System.Web.Mvc, Version=5.2.3.0, Culture=neutral, PublicKeyToken=31bf3856ad364e35, processorArchitecture=MSIL
    System.Web.Optimization, Version=1.1.0.0, Culture=neutral, PublicKeyToken=31bf3856ad364e35, processorArchitecture=MSIL
    System.Web.Razor, Version=3.0.0.0, Culture=neutral, PublicKeyToken=31bf3856ad364e35, processorArchitecture=MSIL
    System.Web.WebPages, Version=3.0.0.0, Culture=neutral, PublicKeyToken=31bf3856ad364e35, processorArchitecture=MSIL
    System.Web.WebPages.Deployment, Version=3.0.0.0, Culture=neutral, PublicKeyToken=31bf3856ad364e35, processorArchitecture=MSIL
    WebGrease, Version=1.6.5135.21930, Culture=neutral, PublicKeyToken=31bf3856ad364e35, processorArchitecture=MSIL

Copying XML comments files
    D:\Data\Dropbox\Project\Gss.Speed30\SPEED30\Component\GSS.SPEED.OD30.HtmlExtension\bin\Debug\GSS.SPEED.OD30.HtmlExtension.XML -&gt; D:\Data\Dropbox\Project\Gss.Speed30\Help\Working\GSS.SPEED.OD30.HtmlExtension.XML
</buildStep>
<buildStep step="GenerateSharedContent">
Generating shared content files (en-US, 英文 (美國))...
<plugIn name="Lightweight Website Style" behavior="After" priority="1000">
</plugIn>    Last step completed in 00:00:00.2690
</buildStep>
<buildStep step="GenerateApiFilter">
Generating API filter for MRefBuilder...
    Last step completed in 00:00:00.0250
</buildStep>
<buildStep step="GenerateReflectionInfo">
Generating reflection information...
[C:\Windows\Microsoft.NET\Framework64\v4.0.30319\MSBuild.exe - GenerateRefInfo.proj]
已經開始建置於 2016/6/27 下午 04:54:46。
節點 1 (預設目標) 上的專案 &quot;D:\Data\Dropbox\Project\Gss.Speed30\Help\Working\GenerateRefInfo.proj&quot;。
PrepareForBuild:
  正在建立目錄 &quot;obj\Debug\&quot;。
GenerateRefInfo:
  MRefBuilder (v2015.10.10.0)
  Copyright c 2006-2015, Microsoft Corporation, All Rights Reserved.
  Portions Copyright c 2006-2015, Eric Woodruff, All Rights Reserved.
  Loaded 1 assemblies for reflection and 5 dependency assemblies.
  Wrote information on 1 namespaces, 12 types, and 36 members
  正在將檔案從 &quot;reflection.org&quot; 複製到 &quot;reflection.all&quot;。
  XslTransform (v2015.10.10.0)
  Copyright c 2006-2015, Microsoft Corporation, All Rights Reserved.
  Portions Copyright c 2006-2015, Eric Woodruff, All Rights Reserved.
  Applying XSL transformation &#39;C:\Program Files (x86)\EWSoftware\Sandcastle Help File Builder\ProductionTransforms\MergeDuplicates.xsl&#39;.
專案 &quot;D:\Data\Dropbox\Project\Gss.Speed30\Help\Working\GenerateRefInfo.proj&quot; (預設目標) 建置完成。

建置成功。

經過時間 00:00:05.32
    Last step completed in 00:00:06.9350
</buildStep>
<buildStep step="TransformReflectionInfo">
Transforming reflection output...
[C:\Windows\Microsoft.NET\Framework64\v4.0.30319\MSBuild.exe - TransformManifest.proj]
已經開始建置於 2016/6/27 下午 04:54:52。
節點 1 (預設目標) 上的專案 &quot;D:\Data\Dropbox\Project\Gss.Speed30\Help\Working\TransformManifest.proj&quot;。
TransformManifest:
  XslTransform (v2015.10.10.0)
  Copyright c 2006-2015, Microsoft Corporation, All Rights Reserved.
  Portions Copyright c 2006-2015, Eric Woodruff, All Rights Reserved.
  Applying XSL transformation &#39;C:\Program Files (x86)\EWSoftware\Sandcastle Help File Builder\\ProductionTransforms\ApplyVSDocModel.xsl&#39;.
  正在將檔案從 &quot;reflection.xml&quot; 複製到 &quot;reflection.nofilenames&quot;。
  XslTransform (v2015.10.10.0)
  Copyright c 2006-2015, Microsoft Corporation, All Rights Reserved.
  Portions Copyright c 2006-2015, Eric Woodruff, All Rights Reserved.
  Applying XSL transformation &#39;C:\Program Files (x86)\EWSoftware\Sandcastle Help File Builder\ProductionTransforms\AddFilenames.xsl&#39;.
  XslTransform (v2015.10.10.0)
  Copyright c 2006-2015, Microsoft Corporation, All Rights Reserved.
  Portions Copyright c 2006-2015, Eric Woodruff, All Rights Reserved.
  Applying XSL transformation &#39;C:\Program Files (x86)\EWSoftware\Sandcastle Help File Builder\ProductionTransforms\ReflectionToManifest.xsl&#39;.
專案 &quot;D:\Data\Dropbox\Project\Gss.Speed30\Help\Working\TransformManifest.proj&quot; (預設目標) 建置完成。

建置成功。

經過時間 00:00:04.25
    Last step completed in 00:00:04.8570
</buildStep>
<buildStep step="GenerateNamespaceSummaries">
Generating namespace summary information...
    Last step completed in 00:00:00.2480
</buildStep>
<buildStep step="CopyAdditionalContent">
Copying additional content files...
No additional content to copy
    Last step completed in 00:00:00.0590
</buildStep>
<buildStep step="MergeTablesOfContents">
Merging conceptual and additional tables of contents...
    Last step completed in 00:00:00.0000
</buildStep>
<buildStep step="GenerateIntermediateTableOfContents">
Generating intermediate table of contents file...
[C:\Windows\Microsoft.NET\Framework64\v4.0.30319\MSBuild.exe - GenerateIntermediateTOC.proj]
已經開始建置於 2016/6/27 下午 04:54:58。
節點 1 (預設目標) 上的專案 &quot;D:\Data\Dropbox\Project\Gss.Speed30\Help\Working\GenerateIntermediateTOC.proj&quot;。
GenerateIntermediateTOC:
  XslTransform (v2015.10.10.0)
  Copyright c 2006-2015, Microsoft Corporation, All Rights Reserved.
  Portions Copyright c 2006-2015, Eric Woodruff, All Rights Reserved.
  Applying XSL transformation &#39;C:\Program Files (x86)\EWSoftware\Sandcastle Help File Builder\\ProductionTransforms\CreateVSToc.xsl&#39;.
專案 &quot;D:\Data\Dropbox\Project\Gss.Speed30\Help\Working\GenerateIntermediateTOC.proj&quot; (預設目標) 建置完成。

建置成功。

經過時間 00:00:01.07
Generating conceptual content intermediate TOC file...
    Last step completed in 00:00:02.2570
</buildStep>
<buildStep step="CreateBuildAssemblerConfigs">
Creating Sandcastle configuration files...
    sandcastle.config
    Last step completed in 00:00:04.4520
</buildStep>
<buildStep step="MergeCustomConfigs">
Merging custom build component configurations
D:\Data\Dropbox\Project\Gss.Speed30\Help\Working\sandcastle.config
    Last step completed in 00:00:00.1610
</buildStep>
<buildStep step="BuildReferenceTopics">
Building reference help topics...
[C:\Windows\Microsoft.NET\Framework64\v4.0.30319\MSBuild.exe - BuildReferenceTopics.proj]
已經開始建置於 2016/6/27 下午 04:55:04。
節點 1 (預設目標) 上的專案 &quot;D:\Data\Dropbox\Project\Gss.Speed30\Help\Working\BuildReferenceTopics.proj&quot;。
BuildReferenceTopics:
  BuildAssembler (v2015.10.10.0)
  Copyright c 2006-2015, Microsoft Corporation, All Rights Reserved.
  Portions Copyright c 2006-2015, Eric Woodruff, All Rights Reserved.
  Loading configuration...
  Processing topics...
BuildAssembler : warning : ShowMissingComponent: [M:GSS.SPEED.OD30.HtmlExtension.CheckboxListExtension.CheckboxListFor``2(System.Web.Mvc.HtmlHelper{``0},System.Linq.Expressions.Expression{System.Func{``0,``1}},System.Collections.Generic.IEnumerable{System.Web.Mvc.SelectListItem},System.Collections.Generic.IDictionary{System.String,System.Object})] Missing &lt;param name=&quot;CheckboxItems&quot;/&gt; documentation [D:\Data\Dropbox\Project\Gss.Speed30\Help\Working\BuildReferenceTopics.proj]
BuildAssembler : warning : ShowMissingComponent: [M:GSS.SPEED.OD30.HtmlExtension.CheckboxListExtension.CheckboxListFor``2(System.Web.Mvc.HtmlHelper{``0},System.Linq.Expressions.Expression{System.Func{``0,``1}},System.Collections.Generic.IEnumerable{System.Web.Mvc.SelectListItem},System.Object)] Missing &lt;param name=&quot;CheckboxItems&quot;/&gt; documentation [D:\Data\Dropbox\Project\Gss.Speed30\Help\Working\BuildReferenceTopics.proj]
BuildAssembler : warning : ResolveReferenceLinksComponent: [M:GSS.SPEED.OD30.HtmlExtension.FunctionTreeExtension.Create2ndLevelTreeNodes(System.Web.Mvc.UrlHelper,System.Collections.Generic.IEnumerable{GSS.SPEED.OD30.Model.FunctionTreeNode},System.Int32)] Unknown reference link target &#39;T:GSS.SPEED.OD30.Model.FunctionTreeNode&#39;. [D:\Data\Dropbox\Project\Gss.Speed30\Help\Working\BuildReferenceTopics.proj]
BuildAssembler : warning : ResolveReferenceLinksComponent: [M:GSS.SPEED.OD30.HtmlExtension.FunctionTreeExtension.CreateRootLeaf(System.Web.Mvc.UrlHelper,GSS.SPEED.OD30.Model.FunctionTreeNode,System.Int32)] Unknown reference link target &#39;T:GSS.SPEED.OD30.Model.FunctionTreeNode&#39;. [D:\Data\Dropbox\Project\Gss.Speed30\Help\Working\BuildReferenceTopics.proj]
BuildAssembler : warning : ShowMissingComponent: [M:GSS.SPEED.OD30.HtmlExtension.FunctionTreeExtension.CreateRootNode(System.Web.Mvc.UrlHelper,GSS.SPEED.OD30.Model.FunctionTreeNode,System.Int32)] Missing &lt;returns&gt; documentation [D:\Data\Dropbox\Project\Gss.Speed30\Help\Working\BuildReferenceTopics.proj]
BuildAssembler : warning : ShowMissingComponent: [M:GSS.SPEED.OD30.HtmlExtension.FunctionTreeExtension.CreateRootNode(System.Web.Mvc.UrlHelper,GSS.SPEED.OD30.Model.FunctionTreeNode,System.Int32)] Missing &lt;param name=&quot;node&quot;/&gt; documentation [D:\Data\Dropbox\Project\Gss.Speed30\Help\Working\BuildReferenceTopics.proj]
BuildAssembler : warning : ShowMissingComponent: [M:GSS.SPEED.OD30.HtmlExtension.FunctionTreeExtension.CreateRootNode(System.Web.Mvc.UrlHelper,GSS.SPEED.OD30.Model.FunctionTreeNode,System.Int32)] Missing &lt;param name=&quot;deep&quot;/&gt; documentation [D:\Data\Dropbox\Project\Gss.Speed30\Help\Working\BuildReferenceTopics.proj]
BuildAssembler : warning : ResolveReferenceLinksComponent: [M:GSS.SPEED.OD30.HtmlExtension.FunctionTreeExtension.CreateRootNode(System.Web.Mvc.UrlHelper,GSS.SPEED.OD30.Model.FunctionTreeNode,System.Int32)] Unknown reference link target &#39;T:GSS.SPEED.OD30.Model.FunctionTreeNode&#39;. [D:\Data\Dropbox\Project\Gss.Speed30\Help\Working\BuildReferenceTopics.proj]
BuildAssembler : warning : ShowMissingComponent: [M:GSS.SPEED.OD30.HtmlExtension.IntervalInputsExtension.IntervalDatePicker``2(System.Web.Mvc.HtmlHelper{``0},System.Linq.Expressions.Expression{System.Func{``0,``1}})] Missing &lt;param name=&quot;htmlHelper&quot;/&gt; documentation [D:\Data\Dropbox\Project\Gss.Speed30\Help\Working\BuildReferenceTopics.proj]
BuildAssembler : warning : ShowMissingComponent: [M:GSS.SPEED.OD30.HtmlExtension.IntervalInputsExtension.IntervalDateTimePicker``2(System.Web.Mvc.HtmlHelper{``0},System.Linq.Expressions.Expression{System.Func{``0,``1}})] Missing &lt;param name=&quot;htmlHelper&quot;/&gt; documentation [D:\Data\Dropbox\Project\Gss.Speed30\Help\Working\BuildReferenceTopics.proj]
BuildAssembler : warning : ShowMissingComponent: [T:GSS.SPEED.OD30.HtmlExtension.LabelExtension] Missing &lt;summary&gt; documentation [D:\Data\Dropbox\Project\Gss.Speed30\Help\Working\BuildReferenceTopics.proj]
  Processed 58 topic(s)
  11 warning(s)
  CopyFromIndexComponent: &quot;reflection&quot; in-memory cache entries used: 5 of 15.
  CopyFromIndexComponent: &quot;comments&quot; in-memory cache entries used: 2 of 30.
  ResolveReferenceLinksComponent: New MSDN content ID cache size: 340 entries
專案 &quot;D:\Data\Dropbox\Project\Gss.Speed30\Help\Working\BuildReferenceTopics.proj&quot; (預設目標) 建置完成。

建置成功。

經過時間 00:02:00.88
    Last step completed in 00:02:02.1735
</buildStep>
<buildStep step="CombiningIntermediateTocFiles">
Combining conceptual and API intermediate TOC files...
    Last step completed in 00:00:00.0080
</buildStep>
<buildStep step="ExtractingHtmlInfo">
Extracting HTML info for HTML Help 1 and/or website...
[C:\Windows\Microsoft.NET\Framework64\v4.0.30319\MSBuild.exe - ExtractHtmlInfo.proj]
Sandcastle Help File Builder and Tools, version 2015.10.10.0
Copyright c 2006-2015, Eric Woodruff, All Rights Reserved
E-Mail: Eric@EWoodruff.us

Using LCID &#39;1033&#39;, code page &#39;65001&#39;, encoding charset &#39;UTF-8&#39;.

Processing website files in D:\Data\Dropbox\Project\Gss.Speed30\Help\Working\Output\Website
Processed 58 HTML files
Sorting keywords and generating See Also indices
Saving website keyword index to D:\Data\Dropbox\Project\Gss.Speed30\Help\Working\WebKI.xml
Saving website table of contents to D:\Data\Dropbox\Project\Gss.Speed30\Help\Working\WebTOC.xml
    Last step completed in 00:00:07.6875
</buildStep>
<buildStep step="CopyStandardHelpContent">
Copying standard help content...
C:\Program Files (x86)\EWSoftware\Sandcastle Help File Builder\PresentationStyles\VS2013\icons\AlertCaution.png -&gt; D:\Data\Dropbox\Project\Gss.Speed30\Help\Working\Output\Website\icons\AlertCaution.png
C:\Program Files (x86)\EWSoftware\Sandcastle Help File Builder\PresentationStyles\VS2013\icons\AlertNote.png -&gt; D:\Data\Dropbox\Project\Gss.Speed30\Help\Working\Output\Website\icons\AlertNote.png
C:\Program Files (x86)\EWSoftware\Sandcastle Help File Builder\PresentationStyles\VS2013\icons\AlertSecurity.png -&gt; D:\Data\Dropbox\Project\Gss.Speed30\Help\Working\Output\Website\icons\AlertSecurity.png
C:\Program Files (x86)\EWSoftware\Sandcastle Help File Builder\PresentationStyles\VS2013\icons\CFW.gif -&gt; D:\Data\Dropbox\Project\Gss.Speed30\Help\Working\Output\Website\icons\CFW.gif
C:\Program Files (x86)\EWSoftware\Sandcastle Help File Builder\PresentationStyles\VS2013\icons\CodeExample.png -&gt; D:\Data\Dropbox\Project\Gss.Speed30\Help\Working\Output\Website\icons\CodeExample.png
C:\Program Files (x86)\EWSoftware\Sandcastle Help File Builder\PresentationStyles\VS2013\icons\favicon.ico -&gt; D:\Data\Dropbox\Project\Gss.Speed30\Help\Working\Output\Website\icons\favicon.ico
C:\Program Files (x86)\EWSoftware\Sandcastle Help File Builder\PresentationStyles\VS2013\icons\privclass.gif -&gt; D:\Data\Dropbox\Project\Gss.Speed30\Help\Working\Output\Website\icons\privclass.gif
C:\Program Files (x86)\EWSoftware\Sandcastle Help File Builder\PresentationStyles\VS2013\icons\privdelegate.gif -&gt; D:\Data\Dropbox\Project\Gss.Speed30\Help\Working\Output\Website\icons\privdelegate.gif
C:\Program Files (x86)\EWSoftware\Sandcastle Help File Builder\PresentationStyles\VS2013\icons\privenumeration.gif -&gt; D:\Data\Dropbox\Project\Gss.Speed30\Help\Working\Output\Website\icons\privenumeration.gif
C:\Program Files (x86)\EWSoftware\Sandcastle Help File Builder\PresentationStyles\VS2013\icons\privevent.gif -&gt; D:\Data\Dropbox\Project\Gss.Speed30\Help\Working\Output\Website\icons\privevent.gif
C:\Program Files (x86)\EWSoftware\Sandcastle Help File Builder\PresentationStyles\VS2013\icons\privextension.gif -&gt; D:\Data\Dropbox\Project\Gss.Speed30\Help\Working\Output\Website\icons\privextension.gif
C:\Program Files (x86)\EWSoftware\Sandcastle Help File Builder\PresentationStyles\VS2013\icons\privfield.gif -&gt; D:\Data\Dropbox\Project\Gss.Speed30\Help\Working\Output\Website\icons\privfield.gif
C:\Program Files (x86)\EWSoftware\Sandcastle Help File Builder\PresentationStyles\VS2013\icons\privinterface.gif -&gt; D:\Data\Dropbox\Project\Gss.Speed30\Help\Working\Output\Website\icons\privinterface.gif
C:\Program Files (x86)\EWSoftware\Sandcastle Help File Builder\PresentationStyles\VS2013\icons\privmethod.gif -&gt; D:\Data\Dropbox\Project\Gss.Speed30\Help\Working\Output\Website\icons\privmethod.gif
C:\Program Files (x86)\EWSoftware\Sandcastle Help File Builder\PresentationStyles\VS2013\icons\privproperty.gif -&gt; D:\Data\Dropbox\Project\Gss.Speed30\Help\Working\Output\Website\icons\privproperty.gif
C:\Program Files (x86)\EWSoftware\Sandcastle Help File Builder\PresentationStyles\VS2013\icons\privstructure.gif -&gt; D:\Data\Dropbox\Project\Gss.Speed30\Help\Working\Output\Website\icons\privstructure.gif
C:\Program Files (x86)\EWSoftware\Sandcastle Help File Builder\PresentationStyles\VS2013\icons\protclass.gif -&gt; D:\Data\Dropbox\Project\Gss.Speed30\Help\Working\Output\Website\icons\protclass.gif
C:\Program Files (x86)\EWSoftware\Sandcastle Help File Builder\PresentationStyles\VS2013\icons\protdelegate.gif -&gt; D:\Data\Dropbox\Project\Gss.Speed30\Help\Working\Output\Website\icons\protdelegate.gif
C:\Program Files (x86)\EWSoftware\Sandcastle Help File Builder\PresentationStyles\VS2013\icons\protenumeration.gif -&gt; D:\Data\Dropbox\Project\Gss.Speed30\Help\Working\Output\Website\icons\protenumeration.gif
C:\Program Files (x86)\EWSoftware\Sandcastle Help File Builder\PresentationStyles\VS2013\icons\protevent.gif -&gt; D:\Data\Dropbox\Project\Gss.Speed30\Help\Working\Output\Website\icons\protevent.gif
C:\Program Files (x86)\EWSoftware\Sandcastle Help File Builder\PresentationStyles\VS2013\icons\protextension.gif -&gt; D:\Data\Dropbox\Project\Gss.Speed30\Help\Working\Output\Website\icons\protextension.gif
C:\Program Files (x86)\EWSoftware\Sandcastle Help File Builder\PresentationStyles\VS2013\icons\protfield.gif -&gt; D:\Data\Dropbox\Project\Gss.Speed30\Help\Working\Output\Website\icons\protfield.gif
C:\Program Files (x86)\EWSoftware\Sandcastle Help File Builder\PresentationStyles\VS2013\icons\protinterface.gif -&gt; D:\Data\Dropbox\Project\Gss.Speed30\Help\Working\Output\Website\icons\protinterface.gif
C:\Program Files (x86)\EWSoftware\Sandcastle Help File Builder\PresentationStyles\VS2013\icons\protmethod.gif -&gt; D:\Data\Dropbox\Project\Gss.Speed30\Help\Working\Output\Website\icons\protmethod.gif
C:\Program Files (x86)\EWSoftware\Sandcastle Help File Builder\PresentationStyles\VS2013\icons\protoperator.gif -&gt; D:\Data\Dropbox\Project\Gss.Speed30\Help\Working\Output\Website\icons\protoperator.gif
C:\Program Files (x86)\EWSoftware\Sandcastle Help File Builder\PresentationStyles\VS2013\icons\protproperty.gif -&gt; D:\Data\Dropbox\Project\Gss.Speed30\Help\Working\Output\Website\icons\protproperty.gif
C:\Program Files (x86)\EWSoftware\Sandcastle Help File Builder\PresentationStyles\VS2013\icons\protstructure.gif -&gt; D:\Data\Dropbox\Project\Gss.Speed30\Help\Working\Output\Website\icons\protstructure.gif
C:\Program Files (x86)\EWSoftware\Sandcastle Help File Builder\PresentationStyles\VS2013\icons\pubclass.gif -&gt; D:\Data\Dropbox\Project\Gss.Speed30\Help\Working\Output\Website\icons\pubclass.gif
C:\Program Files (x86)\EWSoftware\Sandcastle Help File Builder\PresentationStyles\VS2013\icons\pubdelegate.gif -&gt; D:\Data\Dropbox\Project\Gss.Speed30\Help\Working\Output\Website\icons\pubdelegate.gif
C:\Program Files (x86)\EWSoftware\Sandcastle Help File Builder\PresentationStyles\VS2013\icons\pubenumeration.gif -&gt; D:\Data\Dropbox\Project\Gss.Speed30\Help\Working\Output\Website\icons\pubenumeration.gif
C:\Program Files (x86)\EWSoftware\Sandcastle Help File Builder\PresentationStyles\VS2013\icons\pubevent.gif -&gt; D:\Data\Dropbox\Project\Gss.Speed30\Help\Working\Output\Website\icons\pubevent.gif
C:\Program Files (x86)\EWSoftware\Sandcastle Help File Builder\PresentationStyles\VS2013\icons\pubextension.gif -&gt; D:\Data\Dropbox\Project\Gss.Speed30\Help\Working\Output\Website\icons\pubextension.gif
C:\Program Files (x86)\EWSoftware\Sandcastle Help File Builder\PresentationStyles\VS2013\icons\pubfield.gif -&gt; D:\Data\Dropbox\Project\Gss.Speed30\Help\Working\Output\Website\icons\pubfield.gif
C:\Program Files (x86)\EWSoftware\Sandcastle Help File Builder\PresentationStyles\VS2013\icons\pubinterface.gif -&gt; D:\Data\Dropbox\Project\Gss.Speed30\Help\Working\Output\Website\icons\pubinterface.gif
C:\Program Files (x86)\EWSoftware\Sandcastle Help File Builder\PresentationStyles\VS2013\icons\pubmethod.gif -&gt; D:\Data\Dropbox\Project\Gss.Speed30\Help\Working\Output\Website\icons\pubmethod.gif
C:\Program Files (x86)\EWSoftware\Sandcastle Help File Builder\PresentationStyles\VS2013\icons\puboperator.gif -&gt; D:\Data\Dropbox\Project\Gss.Speed30\Help\Working\Output\Website\icons\puboperator.gif
C:\Program Files (x86)\EWSoftware\Sandcastle Help File Builder\PresentationStyles\VS2013\icons\pubproperty.gif -&gt; D:\Data\Dropbox\Project\Gss.Speed30\Help\Working\Output\Website\icons\pubproperty.gif
C:\Program Files (x86)\EWSoftware\Sandcastle Help File Builder\PresentationStyles\VS2013\icons\pubstructure.gif -&gt; D:\Data\Dropbox\Project\Gss.Speed30\Help\Working\Output\Website\icons\pubstructure.gif
C:\Program Files (x86)\EWSoftware\Sandcastle Help File Builder\PresentationStyles\VS2013\icons\SectionCollapsed.png -&gt; D:\Data\Dropbox\Project\Gss.Speed30\Help\Working\Output\Website\icons\SectionCollapsed.png
C:\Program Files (x86)\EWSoftware\Sandcastle Help File Builder\PresentationStyles\VS2013\icons\SectionExpanded.png -&gt; D:\Data\Dropbox\Project\Gss.Speed30\Help\Working\Output\Website\icons\SectionExpanded.png
C:\Program Files (x86)\EWSoftware\Sandcastle Help File Builder\PresentationStyles\VS2013\icons\slMobile.gif -&gt; D:\Data\Dropbox\Project\Gss.Speed30\Help\Working\Output\Website\icons\slMobile.gif
C:\Program Files (x86)\EWSoftware\Sandcastle Help File Builder\PresentationStyles\VS2013\icons\static.gif -&gt; D:\Data\Dropbox\Project\Gss.Speed30\Help\Working\Output\Website\icons\static.gif
C:\Program Files (x86)\EWSoftware\Sandcastle Help File Builder\PresentationStyles\VS2013\icons\xna.gif -&gt; D:\Data\Dropbox\Project\Gss.Speed30\Help\Working\Output\Website\icons\xna.gif
C:\Program Files (x86)\EWSoftware\Sandcastle Help File Builder\PresentationStyles\VS2013\scripts\branding.js -&gt; D:\Data\Dropbox\Project\Gss.Speed30\Help\Working\Output\Website\scripts\branding.js
C:\Program Files (x86)\EWSoftware\Sandcastle Help File Builder\PresentationStyles\VS2013\styles\branding-cs-CZ.css -&gt; D:\Data\Dropbox\Project\Gss.Speed30\Help\Working\Output\Website\styles\branding-cs-CZ.css
C:\Program Files (x86)\EWSoftware\Sandcastle Help File Builder\PresentationStyles\VS2013\styles\branding-de-DE.css -&gt; D:\Data\Dropbox\Project\Gss.Speed30\Help\Working\Output\Website\styles\branding-de-DE.css
C:\Program Files (x86)\EWSoftware\Sandcastle Help File Builder\PresentationStyles\VS2013\styles\branding-en-US.css -&gt; D:\Data\Dropbox\Project\Gss.Speed30\Help\Working\Output\Website\styles\branding-en-US.css
C:\Program Files (x86)\EWSoftware\Sandcastle Help File Builder\PresentationStyles\VS2013\styles\branding-es-ES.css -&gt; D:\Data\Dropbox\Project\Gss.Speed30\Help\Working\Output\Website\styles\branding-es-ES.css
C:\Program Files (x86)\EWSoftware\Sandcastle Help File Builder\PresentationStyles\VS2013\styles\branding-fr-FR.css -&gt; D:\Data\Dropbox\Project\Gss.Speed30\Help\Working\Output\Website\styles\branding-fr-FR.css
C:\Program Files (x86)\EWSoftware\Sandcastle Help File Builder\PresentationStyles\VS2013\styles\branding-Help1.css -&gt; D:\Data\Dropbox\Project\Gss.Speed30\Help\Working\Output\Website\styles\branding-Help1.css
C:\Program Files (x86)\EWSoftware\Sandcastle Help File Builder\PresentationStyles\VS2013\styles\branding-HelpViewer.css -&gt; D:\Data\Dropbox\Project\Gss.Speed30\Help\Working\Output\Website\styles\branding-HelpViewer.css
C:\Program Files (x86)\EWSoftware\Sandcastle Help File Builder\PresentationStyles\VS2013\styles\branding-it-IT.css -&gt; D:\Data\Dropbox\Project\Gss.Speed30\Help\Working\Output\Website\styles\branding-it-IT.css
C:\Program Files (x86)\EWSoftware\Sandcastle Help File Builder\PresentationStyles\VS2013\styles\branding-ja-JP.css -&gt; D:\Data\Dropbox\Project\Gss.Speed30\Help\Working\Output\Website\styles\branding-ja-JP.css
C:\Program Files (x86)\EWSoftware\Sandcastle Help File Builder\PresentationStyles\VS2013\styles\branding-ko-KR.css -&gt; D:\Data\Dropbox\Project\Gss.Speed30\Help\Working\Output\Website\styles\branding-ko-KR.css
C:\Program Files (x86)\EWSoftware\Sandcastle Help File Builder\PresentationStyles\VS2013\styles\branding-pl-PL.css -&gt; D:\Data\Dropbox\Project\Gss.Speed30\Help\Working\Output\Website\styles\branding-pl-PL.css
C:\Program Files (x86)\EWSoftware\Sandcastle Help File Builder\PresentationStyles\VS2013\styles\branding-pt-BR.css -&gt; D:\Data\Dropbox\Project\Gss.Speed30\Help\Working\Output\Website\styles\branding-pt-BR.css
C:\Program Files (x86)\EWSoftware\Sandcastle Help File Builder\PresentationStyles\VS2013\styles\branding-ru-RU.css -&gt; D:\Data\Dropbox\Project\Gss.Speed30\Help\Working\Output\Website\styles\branding-ru-RU.css
C:\Program Files (x86)\EWSoftware\Sandcastle Help File Builder\PresentationStyles\VS2013\styles\branding-tr-TR.css -&gt; D:\Data\Dropbox\Project\Gss.Speed30\Help\Working\Output\Website\styles\branding-tr-TR.css
C:\Program Files (x86)\EWSoftware\Sandcastle Help File Builder\PresentationStyles\VS2013\styles\branding-Website.css -&gt; D:\Data\Dropbox\Project\Gss.Speed30\Help\Working\Output\Website\styles\branding-Website.css
C:\Program Files (x86)\EWSoftware\Sandcastle Help File Builder\PresentationStyles\VS2013\styles\branding-zh-CN.css -&gt; D:\Data\Dropbox\Project\Gss.Speed30\Help\Working\Output\Website\styles\branding-zh-CN.css
C:\Program Files (x86)\EWSoftware\Sandcastle Help File Builder\PresentationStyles\VS2013\styles\branding-zh-TW.css -&gt; D:\Data\Dropbox\Project\Gss.Speed30\Help\Working\Output\Website\styles\branding-zh-TW.css
C:\Program Files (x86)\EWSoftware\Sandcastle Help File Builder\PresentationStyles\VS2013\styles\branding.css -&gt; D:\Data\Dropbox\Project\Gss.Speed30\Help\Working\Output\Website\styles\branding.css
C:\Program Files (x86)\EWSoftware\Sandcastle Help File Builder\PresentationStyles\VS2013\Web\index.html -&gt; D:\Data\Dropbox\Project\Gss.Speed30\Help\Working\Output\Website\index.html
C:\Program Files (x86)\EWSoftware\Sandcastle Help File Builder\PresentationStyles\VS2013\Web\search.html -&gt; D:\Data\Dropbox\Project\Gss.Speed30\Help\Working\Output\Website\search.html
C:\Program Files (x86)\EWSoftware\Sandcastle Help File Builder\PresentationStyles\VS2013\Web\SearchHelp.aspx -&gt; D:\Data\Dropbox\Project\Gss.Speed30\Help\Working\Output\Website\SearchHelp.aspx
C:\Program Files (x86)\EWSoftware\Sandcastle Help File Builder\PresentationStyles\VS2013\Web\SearchHelp.inc.php -&gt; D:\Data\Dropbox\Project\Gss.Speed30\Help\Working\Output\Website\SearchHelp.inc.php
C:\Program Files (x86)\EWSoftware\Sandcastle Help File Builder\PresentationStyles\VS2013\Web\SearchHelp.php -&gt; D:\Data\Dropbox\Project\Gss.Speed30\Help\Working\Output\Website\SearchHelp.php
C:\Program Files (x86)\EWSoftware\Sandcastle Help File Builder\PresentationStyles\VS2013\Web\Web.Config -&gt; D:\Data\Dropbox\Project\Gss.Speed30\Help\Working\Output\Website\Web.Config
C:\Program Files (x86)\EWSoftware\Sandcastle Help File Builder\PresentationStyles\VS2013\Web\icons\Search.png -&gt; D:\Data\Dropbox\Project\Gss.Speed30\Help\Working\Output\Website\icons\Search.png
C:\Program Files (x86)\EWSoftware\Sandcastle Help File Builder\PresentationStyles\VS2013\Web\icons\TocClose.gif -&gt; D:\Data\Dropbox\Project\Gss.Speed30\Help\Working\Output\Website\icons\TocClose.gif
C:\Program Files (x86)\EWSoftware\Sandcastle Help File Builder\PresentationStyles\VS2013\Web\icons\TocCollapsed.gif -&gt; D:\Data\Dropbox\Project\Gss.Speed30\Help\Working\Output\Website\icons\TocCollapsed.gif
C:\Program Files (x86)\EWSoftware\Sandcastle Help File Builder\PresentationStyles\VS2013\Web\icons\TocExpanded.gif -&gt; D:\Data\Dropbox\Project\Gss.Speed30\Help\Working\Output\Website\icons\TocExpanded.gif
C:\Program Files (x86)\EWSoftware\Sandcastle Help File Builder\PresentationStyles\VS2013\Web\icons\TocOpen.gif -&gt; D:\Data\Dropbox\Project\Gss.Speed30\Help\Working\Output\Website\icons\TocOpen.gif
C:\Program Files (x86)\EWSoftware\Sandcastle Help File Builder\PresentationStyles\VS2013\Web\scripts\branding-Website.js -&gt; D:\Data\Dropbox\Project\Gss.Speed30\Help\Working\Output\Website\scripts\branding-Website.js
C:\Program Files (x86)\EWSoftware\Sandcastle Help File Builder\PresentationStyles\VS2013\Web\scripts\jquery-1.11.0.min.js -&gt; D:\Data\Dropbox\Project\Gss.Speed30\Help\Working\Output\Website\scripts\jquery-1.11.0.min.js
    Last step completed in 00:00:12.9690
</buildStep>
<buildStep step="GenerateHelpFormatTableOfContents">
Generating website table of contents file...
    Last step completed in 00:00:00.0040
</buildStep>
<buildStep step="GenerateFullTextIndex">
Generating full-text index for the website...

<plugIn name="Lightweight Website Style" behavior="After" priority="1000">
Adding lightweight search and TOC elements to each topic...
</plugIn>    Last step completed in 00:00:21.6559
</buildStep>
<buildStep step="CopyingWebsiteFiles">
Copying website files to output folder...

Copied 230 files for the website content
    Last step completed in 00:00:22.3190
</buildStep>
<buildStep step="CleanIntermediates">
Removing intermediate files...
    Not all build output was removed from &#39;D:\Data\Dropbox\Project\Gss.Speed30\Help\Working\&#39;: 目錄不是空的。

    Last step completed in 00:00:00.3370
</buildStep>
<buildStep step="Completed">

Build completed successfully at 2016/6/27 下午 04:58:11.  Total time: 00:05:01.9866

</buildStep>
</shfbBuild>
